<?xml version="1.0" encoding="UTF-8"?>
<testng-results ignored="0" total="2" passed="2" failed="0" skipped="0">
  <reporter-output>
  </reporter-output>
  <suite started-at="2023-07-17T07:08:28 IST" name="Default suite" finished-at="2023-07-17T07:08:42 IST" duration-ms="13754">
    <groups>
    </groups>
    <test started-at="2023-07-17T07:08:28 IST" name="Default test" finished-at="2023-07-17T07:08:42 IST" duration-ms="13754">
      <class name="PKG01.T01">
        <test-method is-config="true" signature="launchBrowser()[pri:0, instance:PKG01.T01@7b2bbc3]" started-at="2023-07-17T07:08:25 IST" name="launchBrowser" finished-at="2023-07-17T07:08:28 IST" duration-ms="2972" status="PASS">
          <reporter-output>
          </reporter-output>
        </test-method> <!-- launchBrowser -->
        <test-method signature="testmethod1()[pri:0, instance:PKG01.T01@7b2bbc3]" started-at="2023-07-17T07:08:28 IST" name="testmethod1" finished-at="2023-07-17T07:08:38 IST" duration-ms="10570" status="PASS">
          <reporter-output>
          </reporter-output>
        </test-method> <!-- testmethod1 -->
        <test-method signature="testmethod2()[pri:0, instance:PKG01.T01@7b2bbc3]" started-at="2023-07-17T07:08:38 IST" name="testmethod2" finished-at="2023-07-17T07:08:42 IST" duration-ms="3111" status="PASS">
          <reporter-output>
          </reporter-output>
        </test-method> <!-- testmethod2 -->
        <test-method is-config="true" signature="closeBrowser()[pri:0, instance:PKG01.T01@7b2bbc3]" started-at="2023-07-17T07:08:42 IST" name="closeBrowser" finished-at="2023-07-17T07:08:42 IST" duration-ms="189" status="PASS">
          <reporter-output>
          </reporter-output>
        </test-method> <!-- closeBrowser -->
      </class> <!-- PKG01.T01 -->
    </test> <!-- Default test -->
  </suite> <!-- Default suite -->
</testng-results>
